<?xml version="1.0" encoding="UTF-8"?>
<testsuites>
  <testsuite name="/home/prodo/Documents/Projects/Negarity/negarity-color/phpunit.xml" tests="39" assertions="262" errors="0" failures="0" skipped="0" time="0.006385">
    <testsuite name="Negarity Color Test Suite" tests="39" assertions="262" errors="0" failures="0" skipped="0" time="0.006385">
      <testsuite name="Negarity\Color\Tests\ColorTest" file="/home/prodo/Documents/Projects/Negarity/negarity-color/tests/ColorTest.php" tests="39" assertions="262" errors="0" failures="0" skipped="0" time="0.006385">
        <testcase name="testCreateRgbColor" file="/home/prodo/Documents/Projects/Negarity/negarity-color/tests/ColorTest.php" line="24" class="Negarity\Color\Tests\ColorTest" classname="Negarity.Color.Tests.ColorTest" assertions="5" time="0.002181"/>
        <testcase name="testCreateRgbaColor" file="/home/prodo/Documents/Projects/Negarity/negarity-color/tests/ColorTest.php" line="35" class="Negarity\Color\Tests\ColorTest" classname="Negarity.Color.Tests.ColorTest" assertions="6" time="0.000191"/>
        <testcase name="testCreateCmykColor" file="/home/prodo/Documents/Projects/Negarity/negarity-color/tests/ColorTest.php" line="47" class="Negarity\Color\Tests\ColorTest" classname="Negarity.Color.Tests.ColorTest" assertions="6" time="0.000128"/>
        <testcase name="testCreateHslColor" file="/home/prodo/Documents/Projects/Negarity/negarity-color/tests/ColorTest.php" line="59" class="Negarity\Color\Tests\ColorTest" classname="Negarity.Color.Tests.ColorTest" assertions="5" time="0.000110"/>
        <testcase name="testCreateHslaColor" file="/home/prodo/Documents/Projects/Negarity/negarity-color/tests/ColorTest.php" line="70" class="Negarity\Color\Tests\ColorTest" classname="Negarity.Color.Tests.ColorTest" assertions="6" time="0.000108"/>
        <testcase name="testCreateHsvColor" file="/home/prodo/Documents/Projects/Negarity/negarity-color/tests/ColorTest.php" line="82" class="Negarity\Color\Tests\ColorTest" classname="Negarity.Color.Tests.ColorTest" assertions="5" time="0.000102"/>
        <testcase name="testCreateLabColor" file="/home/prodo/Documents/Projects/Negarity/negarity-color/tests/ColorTest.php" line="93" class="Negarity\Color\Tests\ColorTest" classname="Negarity.Color.Tests.ColorTest" assertions="5" time="0.000111"/>
        <testcase name="testCreateLchColor" file="/home/prodo/Documents/Projects/Negarity/negarity-color/tests/ColorTest.php" line="104" class="Negarity\Color\Tests\ColorTest" classname="Negarity.Color.Tests.ColorTest" assertions="5" time="0.000105"/>
        <testcase name="testCreateXyzColor" file="/home/prodo/Documents/Projects/Negarity/negarity-color/tests/ColorTest.php" line="115" class="Negarity\Color\Tests\ColorTest" classname="Negarity.Color.Tests.ColorTest" assertions="5" time="0.000100"/>
        <testcase name="testCreateYcbcrColor" file="/home/prodo/Documents/Projects/Negarity/negarity-color/tests/ColorTest.php" line="126" class="Negarity\Color\Tests\ColorTest" classname="Negarity.Color.Tests.ColorTest" assertions="5" time="0.000095"/>
        <testcase name="testCreateColorFromHex6Digit" file="/home/prodo/Documents/Projects/Negarity/negarity-color/tests/ColorTest.php" line="137" class="Negarity\Color\Tests\ColorTest" classname="Negarity.Color.Tests.ColorTest" assertions="5" time="0.000065"/>
        <testcase name="testCreateColorFromHexWithoutHash" file="/home/prodo/Documents/Projects/Negarity/negarity-color/tests/ColorTest.php" line="148" class="Negarity\Color\Tests\ColorTest" classname="Negarity.Color.Tests.ColorTest" assertions="5" time="0.000060"/>
        <testcase name="testCreateColorFromHex8Digit" file="/home/prodo/Documents/Projects/Negarity/negarity-color/tests/ColorTest.php" line="159" class="Negarity\Color\Tests\ColorTest" classname="Negarity.Color.Tests.ColorTest" assertions="6" time="0.000063"/>
        <testcase name="testCreateColorFromHex3Digit" file="/home/prodo/Documents/Projects/Negarity/negarity-color/tests/ColorTest.php" line="171" class="Negarity\Color\Tests\ColorTest" classname="Negarity.Color.Tests.ColorTest" assertions="5" time="0.000059"/>
        <testcase name="testConvertRgbToRgb" file="/home/prodo/Documents/Projects/Negarity/negarity-color/tests/ColorTest.php" line="184" class="Negarity\Color\Tests\ColorTest" classname="Negarity.Color.Tests.ColorTest" assertions="4" time="0.000056"/>
        <testcase name="testConvertRgbToCmyk" file="/home/prodo/Documents/Projects/Negarity/negarity-color/tests/ColorTest.php" line="195" class="Negarity\Color\Tests\ColorTest" classname="Negarity.Color.Tests.ColorTest" assertions="17" time="0.000445"/>
        <testcase name="testConvertCmykToRgb" file="/home/prodo/Documents/Projects/Negarity/negarity-color/tests/ColorTest.php" line="211" class="Negarity\Color\Tests\ColorTest" classname="Negarity.Color.Tests.ColorTest" assertions="13" time="0.000116"/>
        <testcase name="testConvertRgbToHsl" file="/home/prodo/Documents/Projects/Negarity/negarity-color/tests/ColorTest.php" line="225" class="Negarity\Color\Tests\ColorTest" classname="Negarity.Color.Tests.ColorTest" assertions="13" time="0.000106"/>
        <testcase name="testConvertHslToRgb" file="/home/prodo/Documents/Projects/Negarity/negarity-color/tests/ColorTest.php" line="239" class="Negarity\Color\Tests\ColorTest" classname="Negarity.Color.Tests.ColorTest" assertions="4" time="0.000060"/>
        <testcase name="testConvertRgbToHsv" file="/home/prodo/Documents/Projects/Negarity/negarity-color/tests/ColorTest.php" line="250" class="Negarity\Color\Tests\ColorTest" classname="Negarity.Color.Tests.ColorTest" assertions="13" time="0.000104"/>
        <testcase name="testConvertHsvToRgb" file="/home/prodo/Documents/Projects/Negarity/negarity-color/tests/ColorTest.php" line="264" class="Negarity\Color\Tests\ColorTest" classname="Negarity.Color.Tests.ColorTest" assertions="13" time="0.000106"/>
        <testcase name="testConvertRgbToLab" file="/home/prodo/Documents/Projects/Negarity/negarity-color/tests/ColorTest.php" line="278" class="Negarity\Color\Tests\ColorTest" classname="Negarity.Color.Tests.ColorTest" assertions="4" time="0.000155"/>
        <testcase name="testConvertLabToRgb" file="/home/prodo/Documents/Projects/Negarity/negarity-color/tests/ColorTest.php" line="290" class="Negarity\Color\Tests\ColorTest" classname="Negarity.Color.Tests.ColorTest" assertions="13" time="0.000114"/>
        <testcase name="testConvertRgbToLch" file="/home/prodo/Documents/Projects/Negarity/negarity-color/tests/ColorTest.php" line="304" class="Negarity\Color\Tests\ColorTest" classname="Negarity.Color.Tests.ColorTest" assertions="7" time="0.000085"/>
        <testcase name="testConvertLchToRgb" file="/home/prodo/Documents/Projects/Negarity/negarity-color/tests/ColorTest.php" line="317" class="Negarity\Color\Tests\ColorTest" classname="Negarity.Color.Tests.ColorTest" assertions="13" time="0.000108"/>
        <testcase name="testConvertRgbToXyz" file="/home/prodo/Documents/Projects/Negarity/negarity-color/tests/ColorTest.php" line="331" class="Negarity\Color\Tests\ColorTest" classname="Negarity.Color.Tests.ColorTest" assertions="4" time="0.000063"/>
        <testcase name="testConvertXyzToRgb" file="/home/prodo/Documents/Projects/Negarity/negarity-color/tests/ColorTest.php" line="343" class="Negarity\Color\Tests\ColorTest" classname="Negarity.Color.Tests.ColorTest" assertions="13" time="0.000105"/>
        <testcase name="testConvertRgbToYcbcr" file="/home/prodo/Documents/Projects/Negarity/negarity-color/tests/ColorTest.php" line="357" class="Negarity\Color\Tests\ColorTest" classname="Negarity.Color.Tests.ColorTest" assertions="13" time="0.000108"/>
        <testcase name="testConvertYcbcrToRgb" file="/home/prodo/Documents/Projects/Negarity/negarity-color/tests/ColorTest.php" line="371" class="Negarity\Color\Tests\ColorTest" classname="Negarity.Color.Tests.ColorTest" assertions="13" time="0.000100"/>
        <testcase name="testRoundTripRgbToCmykAndBack" file="/home/prodo/Documents/Projects/Negarity/negarity-color/tests/ColorTest.php" line="387" class="Negarity\Color\Tests\ColorTest" classname="Negarity.Color.Tests.ColorTest" assertions="3" time="0.000130"/>
        <testcase name="testRoundTripRgbToHslAndBack" file="/home/prodo/Documents/Projects/Negarity/negarity-color/tests/ColorTest.php" line="399" class="Negarity\Color\Tests\ColorTest" classname="Negarity.Color.Tests.ColorTest" assertions="3" time="0.000067"/>
        <testcase name="testRoundTripRgbToHsvAndBack" file="/home/prodo/Documents/Projects/Negarity/negarity-color/tests/ColorTest.php" line="411" class="Negarity\Color\Tests\ColorTest" classname="Negarity.Color.Tests.ColorTest" assertions="3" time="0.000063"/>
        <testcase name="testRgbToHex" file="/home/prodo/Documents/Projects/Negarity/negarity-color/tests/ColorTest.php" line="425" class="Negarity\Color\Tests\ColorTest" classname="Negarity.Color.Tests.ColorTest" assertions="1" time="0.000043"/>
        <testcase name="testRgbaToHex" file="/home/prodo/Documents/Projects/Negarity/negarity-color/tests/ColorTest.php" line="433" class="Negarity\Color\Tests\ColorTest" classname="Negarity.Color.Tests.ColorTest" assertions="1" time="0.000041"/>
        <testcase name="testColorSpaceConversionToHex" file="/home/prodo/Documents/Projects/Negarity/negarity-color/tests/ColorTest.php" line="441" class="Negarity\Color\Tests\ColorTest" classname="Negarity.Color.Tests.ColorTest" assertions="2" time="0.000091"/>
        <testcase name="testGetChannelValues" file="/home/prodo/Documents/Projects/Negarity/negarity-color/tests/ColorTest.php" line="453" class="Negarity\Color\Tests\ColorTest" classname="Negarity.Color.Tests.ColorTest" assertions="6" time="0.000063"/>
        <testcase name="testGetChannels" file="/home/prodo/Documents/Projects/Negarity/negarity-color/tests/ColorTest.php" line="465" class="Negarity\Color\Tests\ColorTest" classname="Negarity.Color.Tests.ColorTest" assertions="4" time="0.000136"/>
        <testcase name="testWithMethodCreatesNewInstance" file="/home/prodo/Documents/Projects/Negarity/negarity-color/tests/ColorTest.php" line="478" class="Negarity\Color\Tests\ColorTest" classname="Negarity.Color.Tests.ColorTest" assertions="5" time="0.000366"/>
        <testcase name="testWithoutMethodCreatesNewInstance" file="/home/prodo/Documents/Projects/Negarity/negarity-color/tests/ColorTest.php" line="490" class="Negarity\Color\Tests\ColorTest" classname="Negarity.Color.Tests.ColorTest" assertions="3" time="0.000079"/>
      </testsuite>
    </testsuite>
  </testsuite>
</testsuites>
