<?xml version="1.0" encoding="UTF-8"?>
<testsuites>
  <testsuite name="/home/prodo/Documents/Projects/Negarity/negarity-color/phpunit.xml" tests="55" assertions="287" errors="0" failures="0" skipped="0" time="0.006955">
    <testsuite name="Negarity Color Test Suite" tests="55" assertions="287" errors="0" failures="0" skipped="0" time="0.006955">
      <testsuite name="Negarity\Color\Tests\ColorConversionTest" file="/home/prodo/Documents/Projects/Negarity/negarity-color/tests/ColorConversionTest.php" tests="21" assertions="179" errors="0" failures="0" skipped="0" time="0.004410">
        <testcase name="testConvertRgbToRgb" file="/home/prodo/Documents/Projects/Negarity/negarity-color/tests/ColorConversionTest.php" line="22" class="Negarity\Color\Tests\ColorConversionTest" classname="Negarity.Color.Tests.ColorConversionTest" assertions="4" time="0.001764"/>
        <testcase name="testConvertRgbToCmyk" file="/home/prodo/Documents/Projects/Negarity/negarity-color/tests/ColorConversionTest.php" line="36" class="Negarity\Color\Tests\ColorConversionTest" classname="Negarity.Color.Tests.ColorConversionTest" assertions="17" time="0.000392"/>
        <testcase name="testConvertCmykToRgb" file="/home/prodo/Documents/Projects/Negarity/negarity-color/tests/ColorConversionTest.php" line="55" class="Negarity\Color\Tests\ColorConversionTest" classname="Negarity.Color.Tests.ColorConversionTest" assertions="13" time="0.000124"/>
        <testcase name="testConvertRgbToHsl" file="/home/prodo/Documents/Projects/Negarity/negarity-color/tests/ColorConversionTest.php" line="73" class="Negarity\Color\Tests\ColorConversionTest" classname="Negarity.Color.Tests.ColorConversionTest" assertions="13" time="0.000176"/>
        <testcase name="testConvertHslToRgb" file="/home/prodo/Documents/Projects/Negarity/negarity-color/tests/ColorConversionTest.php" line="90" class="Negarity\Color\Tests\ColorConversionTest" classname="Negarity.Color.Tests.ColorConversionTest" assertions="13" time="0.000112"/>
        <testcase name="testConvertRgbToHsv" file="/home/prodo/Documents/Projects/Negarity/negarity-color/tests/ColorConversionTest.php" line="107" class="Negarity\Color\Tests\ColorConversionTest" classname="Negarity.Color.Tests.ColorConversionTest" assertions="13" time="0.000166"/>
        <testcase name="testConvertHsvToRgb" file="/home/prodo/Documents/Projects/Negarity/negarity-color/tests/ColorConversionTest.php" line="124" class="Negarity\Color\Tests\ColorConversionTest" classname="Negarity.Color.Tests.ColorConversionTest" assertions="13" time="0.000107"/>
        <testcase name="testConvertRgbToLab" file="/home/prodo/Documents/Projects/Negarity/negarity-color/tests/ColorConversionTest.php" line="141" class="Negarity\Color\Tests\ColorConversionTest" classname="Negarity.Color.Tests.ColorConversionTest" assertions="4" time="0.000190"/>
        <testcase name="testConvertLabToRgb" file="/home/prodo/Documents/Projects/Negarity/negarity-color/tests/ColorConversionTest.php" line="156" class="Negarity\Color\Tests\ColorConversionTest" classname="Negarity.Color.Tests.ColorConversionTest" assertions="13" time="0.000128"/>
        <testcase name="testConvertRgbToLch" file="/home/prodo/Documents/Projects/Negarity/negarity-color/tests/ColorConversionTest.php" line="178" class="Negarity\Color\Tests\ColorConversionTest" classname="Negarity.Color.Tests.ColorConversionTest" assertions="7" time="0.000148"/>
        <testcase name="testConvertLchToRgb" file="/home/prodo/Documents/Projects/Negarity/negarity-color/tests/ColorConversionTest.php" line="194" class="Negarity\Color\Tests\ColorConversionTest" classname="Negarity.Color.Tests.ColorConversionTest" assertions="13" time="0.000117"/>
        <testcase name="testConvertRgbToXyz" file="/home/prodo/Documents/Projects/Negarity/negarity-color/tests/ColorConversionTest.php" line="216" class="Negarity\Color\Tests\ColorConversionTest" classname="Negarity.Color.Tests.ColorConversionTest" assertions="4" time="0.000120"/>
        <testcase name="testConvertXyzToRgb" file="/home/prodo/Documents/Projects/Negarity/negarity-color/tests/ColorConversionTest.php" line="231" class="Negarity\Color\Tests\ColorConversionTest" classname="Negarity.Color.Tests.ColorConversionTest" assertions="13" time="0.000117"/>
        <testcase name="testConvertRgbToYcbcr" file="/home/prodo/Documents/Projects/Negarity/negarity-color/tests/ColorConversionTest.php" line="253" class="Negarity\Color\Tests\ColorConversionTest" classname="Negarity.Color.Tests.ColorConversionTest" assertions="13" time="0.000154"/>
        <testcase name="testConvertYcbcrToRgb" file="/home/prodo/Documents/Projects/Negarity/negarity-color/tests/ColorConversionTest.php" line="270" class="Negarity\Color\Tests\ColorConversionTest" classname="Negarity.Color.Tests.ColorConversionTest" assertions="13" time="0.000103"/>
        <testcase name="testRoundTripRgbToCmykAndBack" file="/home/prodo/Documents/Projects/Negarity/negarity-color/tests/ColorConversionTest.php" line="289" class="Negarity\Color\Tests\ColorConversionTest" classname="Negarity.Color.Tests.ColorConversionTest" assertions="3" time="0.000128"/>
        <testcase name="testRoundTripRgbToHslAndBack" file="/home/prodo/Documents/Projects/Negarity/negarity-color/tests/ColorConversionTest.php" line="304" class="Negarity\Color\Tests\ColorConversionTest" classname="Negarity.Color.Tests.ColorConversionTest" assertions="3" time="0.000070"/>
        <testcase name="testRoundTripRgbToHsvAndBack" file="/home/prodo/Documents/Projects/Negarity/negarity-color/tests/ColorConversionTest.php" line="319" class="Negarity\Color\Tests\ColorConversionTest" classname="Negarity.Color.Tests.ColorConversionTest" assertions="3" time="0.000065"/>
        <testcase name="testRgbToHex" file="/home/prodo/Documents/Projects/Negarity/negarity-color/tests/ColorConversionTest.php" line="336" class="Negarity\Color\Tests\ColorConversionTest" classname="Negarity.Color.Tests.ColorConversionTest" assertions="1" time="0.000045"/>
        <testcase name="testRgbaToHex" file="/home/prodo/Documents/Projects/Negarity/negarity-color/tests/ColorConversionTest.php" line="348" class="Negarity\Color\Tests\ColorConversionTest" classname="Negarity.Color.Tests.ColorConversionTest" assertions="1" time="0.000094"/>
        <testcase name="testColorSpaceConversionToHex" file="/home/prodo/Documents/Projects/Negarity/negarity-color/tests/ColorConversionTest.php" line="361" class="Negarity\Color\Tests\ColorConversionTest" classname="Negarity.Color.Tests.ColorConversionTest" assertions="2" time="0.000090"/>
      </testsuite>
      <testsuite name="Negarity\Color\Tests\ColorCreationTest" file="/home/prodo/Documents/Projects/Negarity/negarity-color/tests/ColorCreationTest.php" tests="34" assertions="108" errors="0" failures="0" skipped="0" time="0.002545">
        <testcase name="testCreateRgbColor" file="/home/prodo/Documents/Projects/Negarity/negarity-color/tests/ColorCreationTest.php" line="25" class="Negarity\Color\Tests\ColorCreationTest" classname="Negarity.Color.Tests.ColorCreationTest" assertions="5" time="0.000115"/>
        <testcase name="testCreateRgbaColor" file="/home/prodo/Documents/Projects/Negarity/negarity-color/tests/ColorCreationTest.php" line="39" class="Negarity\Color\Tests\ColorCreationTest" classname="Negarity.Color.Tests.ColorCreationTest" assertions="6" time="0.000070"/>
        <testcase name="testCreateCmykColor" file="/home/prodo/Documents/Projects/Negarity/negarity-color/tests/ColorCreationTest.php" line="55" class="Negarity\Color\Tests\ColorCreationTest" classname="Negarity.Color.Tests.ColorCreationTest" assertions="6" time="0.000062"/>
        <testcase name="testCreateHslColor" file="/home/prodo/Documents/Projects/Negarity/negarity-color/tests/ColorCreationTest.php" line="71" class="Negarity\Color\Tests\ColorCreationTest" classname="Negarity.Color.Tests.ColorCreationTest" assertions="5" time="0.000057"/>
        <testcase name="testCreateHslaColor" file="/home/prodo/Documents/Projects/Negarity/negarity-color/tests/ColorCreationTest.php" line="85" class="Negarity\Color\Tests\ColorCreationTest" classname="Negarity.Color.Tests.ColorCreationTest" assertions="6" time="0.000109"/>
        <testcase name="testCreateHsvColor" file="/home/prodo/Documents/Projects/Negarity/negarity-color/tests/ColorCreationTest.php" line="101" class="Negarity\Color\Tests\ColorCreationTest" classname="Negarity.Color.Tests.ColorCreationTest" assertions="5" time="0.000060"/>
        <testcase name="testCreateLabColor" file="/home/prodo/Documents/Projects/Negarity/negarity-color/tests/ColorCreationTest.php" line="115" class="Negarity\Color\Tests\ColorCreationTest" classname="Negarity.Color.Tests.ColorCreationTest" assertions="5" time="0.000062"/>
        <testcase name="testCreateLchColor" file="/home/prodo/Documents/Projects/Negarity/negarity-color/tests/ColorCreationTest.php" line="129" class="Negarity\Color\Tests\ColorCreationTest" classname="Negarity.Color.Tests.ColorCreationTest" assertions="5" time="0.000064"/>
        <testcase name="testCreateXyzColor" file="/home/prodo/Documents/Projects/Negarity/negarity-color/tests/ColorCreationTest.php" line="143" class="Negarity\Color\Tests\ColorCreationTest" classname="Negarity.Color.Tests.ColorCreationTest" assertions="5" time="0.000060"/>
        <testcase name="testCreateYcbcrColor" file="/home/prodo/Documents/Projects/Negarity/negarity-color/tests/ColorCreationTest.php" line="157" class="Negarity\Color\Tests\ColorCreationTest" classname="Negarity.Color.Tests.ColorCreationTest" assertions="5" time="0.000063"/>
        <testcase name="testCreateColorFromHex6Digit" file="/home/prodo/Documents/Projects/Negarity/negarity-color/tests/ColorCreationTest.php" line="171" class="Negarity\Color\Tests\ColorCreationTest" classname="Negarity.Color.Tests.ColorCreationTest" assertions="5" time="0.000064"/>
        <testcase name="testCreateColorFromHexWithoutHash" file="/home/prodo/Documents/Projects/Negarity/negarity-color/tests/ColorCreationTest.php" line="187" class="Negarity\Color\Tests\ColorCreationTest" classname="Negarity.Color.Tests.ColorCreationTest" assertions="5" time="0.000062"/>
        <testcase name="testCreateColorFromHex8Digit" file="/home/prodo/Documents/Projects/Negarity/negarity-color/tests/ColorCreationTest.php" line="203" class="Negarity\Color\Tests\ColorCreationTest" classname="Negarity.Color.Tests.ColorCreationTest" assertions="6" time="0.000065"/>
        <testcase name="testCreateColorFromHex3Digit" file="/home/prodo/Documents/Projects/Negarity/negarity-color/tests/ColorCreationTest.php" line="221" class="Negarity\Color\Tests\ColorCreationTest" classname="Negarity.Color.Tests.ColorCreationTest" assertions="5" time="0.000062"/>
        <testcase name="testCreateRgbColorWithInvalidRChannel" file="/home/prodo/Documents/Projects/Negarity/negarity-color/tests/ColorCreationTest.php" line="245" class="Negarity\Color\Tests\ColorCreationTest" classname="Negarity.Color.Tests.ColorCreationTest" assertions="1" time="0.000190"/>
        <testcase name="testCreateRgbColorWithInvalidGChannel" file="/home/prodo/Documents/Projects/Negarity/negarity-color/tests/ColorCreationTest.php" line="254" class="Negarity\Color\Tests\ColorCreationTest" classname="Negarity.Color.Tests.ColorCreationTest" assertions="1" time="0.000052"/>
        <testcase name="testCreateRgbColorWithInvalidBChannel" file="/home/prodo/Documents/Projects/Negarity/negarity-color/tests/ColorCreationTest.php" line="263" class="Negarity\Color\Tests\ColorCreationTest" classname="Negarity.Color.Tests.ColorCreationTest" assertions="1" time="0.000046"/>
        <testcase name="testCreateRgbaColorWithInvalidAlpha" file="/home/prodo/Documents/Projects/Negarity/negarity-color/tests/ColorCreationTest.php" line="272" class="Negarity\Color\Tests\ColorCreationTest" classname="Negarity.Color.Tests.ColorCreationTest" assertions="1" time="0.000046"/>
        <testcase name="testCreateCmykColorWithInvalidCChannel" file="/home/prodo/Documents/Projects/Negarity/negarity-color/tests/ColorCreationTest.php" line="282" class="Negarity\Color\Tests\ColorCreationTest" classname="Negarity.Color.Tests.ColorCreationTest" assertions="1" time="0.000045"/>
        <testcase name="testCreateCmykColorWithInvalidMChannel" file="/home/prodo/Documents/Projects/Negarity/negarity-color/tests/ColorCreationTest.php" line="292" class="Negarity\Color\Tests\ColorCreationTest" classname="Negarity.Color.Tests.ColorCreationTest" assertions="1" time="0.000051"/>
        <testcase name="testCreateHslColorWithInvalidHChannel" file="/home/prodo/Documents/Projects/Negarity/negarity-color/tests/ColorCreationTest.php" line="302" class="Negarity\Color\Tests\ColorCreationTest" classname="Negarity.Color.Tests.ColorCreationTest" assertions="1" time="0.000049"/>
        <testcase name="testCreateHslColorWithInvalidSChannel" file="/home/prodo/Documents/Projects/Negarity/negarity-color/tests/ColorCreationTest.php" line="311" class="Negarity\Color\Tests\ColorCreationTest" classname="Negarity.Color.Tests.ColorCreationTest" assertions="1" time="0.000048"/>
        <testcase name="testCreateHslColorWithInvalidLChannel" file="/home/prodo/Documents/Projects/Negarity/negarity-color/tests/ColorCreationTest.php" line="320" class="Negarity\Color\Tests\ColorCreationTest" classname="Negarity.Color.Tests.ColorCreationTest" assertions="1" time="0.000045"/>
        <testcase name="testCreateHsvColorWithInvalidVChannel" file="/home/prodo/Documents/Projects/Negarity/negarity-color/tests/ColorCreationTest.php" line="329" class="Negarity\Color\Tests\ColorCreationTest" classname="Negarity.Color.Tests.ColorCreationTest" assertions="1" time="0.000044"/>
        <testcase name="testCreateLabColorWithInvalidLChannel" file="/home/prodo/Documents/Projects/Negarity/negarity-color/tests/ColorCreationTest.php" line="338" class="Negarity\Color\Tests\ColorCreationTest" classname="Negarity.Color.Tests.ColorCreationTest" assertions="1" time="0.000043"/>
        <testcase name="testCreateLabColorWithNegativeLChannel" file="/home/prodo/Documents/Projects/Negarity/negarity-color/tests/ColorCreationTest.php" line="347" class="Negarity\Color\Tests\ColorCreationTest" classname="Negarity.Color.Tests.ColorCreationTest" assertions="1" time="0.000046"/>
        <testcase name="testCreateLchColorWithInvalidHChannel" file="/home/prodo/Documents/Projects/Negarity/negarity-color/tests/ColorCreationTest.php" line="356" class="Negarity\Color\Tests\ColorCreationTest" classname="Negarity.Color.Tests.ColorCreationTest" assertions="1" time="0.000045"/>
        <testcase name="testCreateYcbcrColorWithInvalidYChannel" file="/home/prodo/Documents/Projects/Negarity/negarity-color/tests/ColorCreationTest.php" line="365" class="Negarity\Color\Tests\ColorCreationTest" classname="Negarity.Color.Tests.ColorCreationTest" assertions="1" time="0.000047"/>
        <testcase name="testCreateYcbcrColorWithInvalidCbChannel" file="/home/prodo/Documents/Projects/Negarity/negarity-color/tests/ColorCreationTest.php" line="374" class="Negarity\Color\Tests\ColorCreationTest" classname="Negarity.Color.Tests.ColorCreationTest" assertions="1" time="0.000048"/>
        <testcase name="testCreateYcbcrColorWithInvalidCrChannel" file="/home/prodo/Documents/Projects/Negarity/negarity-color/tests/ColorCreationTest.php" line="383" class="Negarity\Color\Tests\ColorCreationTest" classname="Negarity.Color.Tests.ColorCreationTest" assertions="1" time="0.000046"/>
        <testcase name="testGetChannelValues" file="/home/prodo/Documents/Projects/Negarity/negarity-color/tests/ColorCreationTest.php" line="394" class="Negarity\Color\Tests\ColorCreationTest" classname="Negarity.Color.Tests.ColorCreationTest" assertions="6" time="0.000063"/>
        <testcase name="testGetChannels" file="/home/prodo/Documents/Projects/Negarity/negarity-color/tests/ColorCreationTest.php" line="409" class="Negarity\Color\Tests\ColorCreationTest" classname="Negarity.Color.Tests.ColorCreationTest" assertions="4" time="0.000149"/>
        <testcase name="testWithMethodCreatesNewInstance" file="/home/prodo/Documents/Projects/Negarity/negarity-color/tests/ColorCreationTest.php" line="422" class="Negarity\Color\Tests\ColorCreationTest" classname="Negarity.Color.Tests.ColorCreationTest" assertions="5" time="0.000386"/>
        <testcase name="testWithoutMethodCreatesNewInstance" file="/home/prodo/Documents/Projects/Negarity/negarity-color/tests/ColorCreationTest.php" line="438" class="Negarity\Color\Tests\ColorCreationTest" classname="Negarity.Color.Tests.ColorCreationTest" assertions="3" time="0.000082"/>
      </testsuite>
    </testsuite>
  </testsuite>
</testsuites>
