<?xml version="1.0" encoding="UTF-8"?>
<testsuites>
  <testsuite name="/home/prodo/Documents/Projects/Negarity/negarity-color/phpunit.xml" tests="55" assertions="229" errors="1" failures="0" skipped="0" time="0.073154">
    <testsuite name="Negarity Color Test Suite" tests="55" assertions="229" errors="1" failures="0" skipped="0" time="0.073154">
      <testsuite name="Negarity\Color\Tests\ColorConversionTest" file="/home/prodo/Documents/Projects/Negarity/negarity-color/tests/ColorConversionTest.php" tests="21" assertions="121" errors="1" failures="0" skipped="0" time="0.070110">
        <testcase name="testConvertRgbToRgb" file="/home/prodo/Documents/Projects/Negarity/negarity-color/tests/ColorConversionTest.php" line="140" class="Negarity\Color\Tests\ColorConversionTest" classname="Negarity.Color.Tests.ColorConversionTest" assertions="4" time="0.001965"/>
        <testcase name="testConvertRgbToCmyk" file="/home/prodo/Documents/Projects/Negarity/negarity-color/tests/ColorConversionTest.php" line="154" class="Negarity\Color\Tests\ColorConversionTest" classname="Negarity.Color.Tests.ColorConversionTest" assertions="17" time="0.005855"/>
        <testcase name="testConvertCmykToRgb" file="/home/prodo/Documents/Projects/Negarity/negarity-color/tests/ColorConversionTest.php" line="172" class="Negarity\Color\Tests\ColorConversionTest" classname="Negarity.Color.Tests.ColorConversionTest" assertions="13" time="0.003343"/>
        <testcase name="testConvertRgbToHsl" file="/home/prodo/Documents/Projects/Negarity/negarity-color/tests/ColorConversionTest.php" line="188" class="Negarity\Color\Tests\ColorConversionTest" classname="Negarity.Color.Tests.ColorConversionTest" assertions="4" time="0.002892"/>
        <testcase name="testConvertHslToRgb" file="/home/prodo/Documents/Projects/Negarity/negarity-color/tests/ColorConversionTest.php" line="201" class="Negarity\Color\Tests\ColorConversionTest" classname="Negarity.Color.Tests.ColorConversionTest" assertions="4" time="0.004478"/>
        <testcase name="testConvertRgbToHsv" file="/home/prodo/Documents/Projects/Negarity/negarity-color/tests/ColorConversionTest.php" line="214" class="Negarity\Color\Tests\ColorConversionTest" classname="Negarity.Color.Tests.ColorConversionTest" assertions="4" time="0.003393"/>
        <testcase name="testConvertHsvToRgb" file="/home/prodo/Documents/Projects/Negarity/negarity-color/tests/ColorConversionTest.php" line="234" class="Negarity\Color\Tests\ColorConversionTest" classname="Negarity.Color.Tests.ColorConversionTest" assertions="4" time="0.002836"/>
        <testcase name="testConvertRgbToLab" file="/home/prodo/Documents/Projects/Negarity/negarity-color/tests/ColorConversionTest.php" line="247" class="Negarity\Color\Tests\ColorConversionTest" classname="Negarity.Color.Tests.ColorConversionTest" assertions="7" time="0.003790"/>
        <testcase name="testConvertLabToRgb" file="/home/prodo/Documents/Projects/Negarity/negarity-color/tests/ColorConversionTest.php" line="264" class="Negarity\Color\Tests\ColorConversionTest" classname="Negarity.Color.Tests.ColorConversionTest" assertions="0" time="0.005033">
          <error type="Negarity\Color\Exception\InvalidColorValueException">Negarity\Color\Tests\ColorConversionTest::testConvertLabToRgb
Negarity\Color\Exception\InvalidColorValueException: Channel "b" must be between 0 and 255, got -4

/home/prodo/Documents/Projects/Negarity/negarity-color/src/ColorSpace/AbstractColorSpace.php:38
/home/prodo/Documents/Projects/Negarity/negarity-color/src/ColorSpace/RGB.php:43
/home/prodo/Documents/Projects/Negarity/negarity-color/src/AbstractColor.php:63
/home/prodo/Documents/Projects/Negarity/negarity-color/src/Color.php:34
/home/prodo/Documents/Projects/Negarity/negarity-color/src/AbstractColor.php:139
/home/prodo/Documents/Projects/Negarity/negarity-color/src/Color.php:92
/home/prodo/Documents/Projects/Negarity/negarity-color/tests/ColorConversionTest.php:268</error>
        </testcase>
        <testcase name="testConvertRgbToLch" file="/home/prodo/Documents/Projects/Negarity/negarity-color/tests/ColorConversionTest.php" line="277" class="Negarity\Color\Tests\ColorConversionTest" classname="Negarity.Color.Tests.ColorConversionTest" assertions="10" time="0.004155"/>
        <testcase name="testConvertLchToRgb" file="/home/prodo/Documents/Projects/Negarity/negarity-color/tests/ColorConversionTest.php" line="295" class="Negarity\Color\Tests\ColorConversionTest" classname="Negarity.Color.Tests.ColorConversionTest" assertions="4" time="0.003906"/>
        <testcase name="testConvertRgbToXyz" file="/home/prodo/Documents/Projects/Negarity/negarity-color/tests/ColorConversionTest.php" line="308" class="Negarity\Color\Tests\ColorConversionTest" classname="Negarity.Color.Tests.ColorConversionTest" assertions="7" time="0.003360"/>
        <testcase name="testConvertXyzToRgb" file="/home/prodo/Documents/Projects/Negarity/negarity-color/tests/ColorConversionTest.php" line="325" class="Negarity\Color\Tests\ColorConversionTest" classname="Negarity.Color.Tests.ColorConversionTest" assertions="4" time="0.002826"/>
        <testcase name="testConvertRgbToYcbcr" file="/home/prodo/Documents/Projects/Negarity/negarity-color/tests/ColorConversionTest.php" line="363" class="Negarity\Color\Tests\ColorConversionTest" classname="Negarity.Color.Tests.ColorConversionTest" assertions="13" time="0.000249"/>
        <testcase name="testConvertYcbcrToRgb" file="/home/prodo/Documents/Projects/Negarity/negarity-color/tests/ColorConversionTest.php" line="380" class="Negarity\Color\Tests\ColorConversionTest" classname="Negarity.Color.Tests.ColorConversionTest" assertions="13" time="0.000111"/>
        <testcase name="testRoundTripRgbToCmykAndBack" file="/home/prodo/Documents/Projects/Negarity/negarity-color/tests/ColorConversionTest.php" line="399" class="Negarity\Color\Tests\ColorConversionTest" classname="Negarity.Color.Tests.ColorConversionTest" assertions="3" time="0.003963"/>
        <testcase name="testRoundTripRgbToHslAndBack" file="/home/prodo/Documents/Projects/Negarity/negarity-color/tests/ColorConversionTest.php" line="412" class="Negarity\Color\Tests\ColorConversionTest" classname="Negarity.Color.Tests.ColorConversionTest" assertions="3" time="0.004082"/>
        <testcase name="testRoundTripRgbToHsvAndBack" file="/home/prodo/Documents/Projects/Negarity/negarity-color/tests/ColorConversionTest.php" line="425" class="Negarity\Color\Tests\ColorConversionTest" classname="Negarity.Color.Tests.ColorConversionTest" assertions="3" time="0.003055"/>
        <testcase name="testRgbToHex" file="/home/prodo/Documents/Projects/Negarity/negarity-color/tests/ColorConversionTest.php" line="440" class="Negarity\Color\Tests\ColorConversionTest" classname="Negarity.Color.Tests.ColorConversionTest" assertions="1" time="0.002672"/>
        <testcase name="testRgbaToHex" file="/home/prodo/Documents/Projects/Negarity/negarity-color/tests/ColorConversionTest.php" line="450" class="Negarity\Color\Tests\ColorConversionTest" classname="Negarity.Color.Tests.ColorConversionTest" assertions="1" time="0.003738"/>
        <testcase name="testColorSpaceConversionToHex" file="/home/prodo/Documents/Projects/Negarity/negarity-color/tests/ColorConversionTest.php" line="461" class="Negarity\Color\Tests\ColorConversionTest" classname="Negarity.Color.Tests.ColorConversionTest" assertions="2" time="0.004405"/>
      </testsuite>
      <testsuite name="Negarity\Color\Tests\ColorCreationTest" file="/home/prodo/Documents/Projects/Negarity/negarity-color/tests/ColorCreationTest.php" tests="34" assertions="108" errors="0" failures="0" skipped="0" time="0.003044">
        <testcase name="testCreateRgbColor" file="/home/prodo/Documents/Projects/Negarity/negarity-color/tests/ColorCreationTest.php" line="25" class="Negarity\Color\Tests\ColorCreationTest" classname="Negarity.Color.Tests.ColorCreationTest" assertions="5" time="0.000231"/>
        <testcase name="testCreateRgbaColor" file="/home/prodo/Documents/Projects/Negarity/negarity-color/tests/ColorCreationTest.php" line="39" class="Negarity\Color\Tests\ColorCreationTest" classname="Negarity.Color.Tests.ColorCreationTest" assertions="6" time="0.000114"/>
        <testcase name="testCreateCmykColor" file="/home/prodo/Documents/Projects/Negarity/negarity-color/tests/ColorCreationTest.php" line="55" class="Negarity\Color\Tests\ColorCreationTest" classname="Negarity.Color.Tests.ColorCreationTest" assertions="6" time="0.000114"/>
        <testcase name="testCreateHslColor" file="/home/prodo/Documents/Projects/Negarity/negarity-color/tests/ColorCreationTest.php" line="71" class="Negarity\Color\Tests\ColorCreationTest" classname="Negarity.Color.Tests.ColorCreationTest" assertions="5" time="0.000087"/>
        <testcase name="testCreateHslaColor" file="/home/prodo/Documents/Projects/Negarity/negarity-color/tests/ColorCreationTest.php" line="85" class="Negarity\Color\Tests\ColorCreationTest" classname="Negarity.Color.Tests.ColorCreationTest" assertions="6" time="0.000217"/>
        <testcase name="testCreateHsvColor" file="/home/prodo/Documents/Projects/Negarity/negarity-color/tests/ColorCreationTest.php" line="101" class="Negarity\Color\Tests\ColorCreationTest" classname="Negarity.Color.Tests.ColorCreationTest" assertions="5" time="0.000076"/>
        <testcase name="testCreateLabColor" file="/home/prodo/Documents/Projects/Negarity/negarity-color/tests/ColorCreationTest.php" line="115" class="Negarity\Color\Tests\ColorCreationTest" classname="Negarity.Color.Tests.ColorCreationTest" assertions="5" time="0.000063"/>
        <testcase name="testCreateLchColor" file="/home/prodo/Documents/Projects/Negarity/negarity-color/tests/ColorCreationTest.php" line="129" class="Negarity\Color\Tests\ColorCreationTest" classname="Negarity.Color.Tests.ColorCreationTest" assertions="5" time="0.000062"/>
        <testcase name="testCreateXyzColor" file="/home/prodo/Documents/Projects/Negarity/negarity-color/tests/ColorCreationTest.php" line="143" class="Negarity\Color\Tests\ColorCreationTest" classname="Negarity.Color.Tests.ColorCreationTest" assertions="5" time="0.000063"/>
        <testcase name="testCreateYcbcrColor" file="/home/prodo/Documents/Projects/Negarity/negarity-color/tests/ColorCreationTest.php" line="157" class="Negarity\Color\Tests\ColorCreationTest" classname="Negarity.Color.Tests.ColorCreationTest" assertions="5" time="0.000065"/>
        <testcase name="testCreateColorFromHex6Digit" file="/home/prodo/Documents/Projects/Negarity/negarity-color/tests/ColorCreationTest.php" line="171" class="Negarity\Color\Tests\ColorCreationTest" classname="Negarity.Color.Tests.ColorCreationTest" assertions="5" time="0.000070"/>
        <testcase name="testCreateColorFromHexWithoutHash" file="/home/prodo/Documents/Projects/Negarity/negarity-color/tests/ColorCreationTest.php" line="187" class="Negarity\Color\Tests\ColorCreationTest" classname="Negarity.Color.Tests.ColorCreationTest" assertions="5" time="0.000085"/>
        <testcase name="testCreateColorFromHex8Digit" file="/home/prodo/Documents/Projects/Negarity/negarity-color/tests/ColorCreationTest.php" line="203" class="Negarity\Color\Tests\ColorCreationTest" classname="Negarity.Color.Tests.ColorCreationTest" assertions="6" time="0.000072"/>
        <testcase name="testCreateColorFromHex3Digit" file="/home/prodo/Documents/Projects/Negarity/negarity-color/tests/ColorCreationTest.php" line="221" class="Negarity\Color\Tests\ColorCreationTest" classname="Negarity.Color.Tests.ColorCreationTest" assertions="5" time="0.000067"/>
        <testcase name="testCreateRgbColorWithInvalidRChannel" file="/home/prodo/Documents/Projects/Negarity/negarity-color/tests/ColorCreationTest.php" line="245" class="Negarity\Color\Tests\ColorCreationTest" classname="Negarity.Color.Tests.ColorCreationTest" assertions="1" time="0.000197"/>
        <testcase name="testCreateRgbColorWithInvalidGChannel" file="/home/prodo/Documents/Projects/Negarity/negarity-color/tests/ColorCreationTest.php" line="254" class="Negarity\Color\Tests\ColorCreationTest" classname="Negarity.Color.Tests.ColorCreationTest" assertions="1" time="0.000061"/>
        <testcase name="testCreateRgbColorWithInvalidBChannel" file="/home/prodo/Documents/Projects/Negarity/negarity-color/tests/ColorCreationTest.php" line="263" class="Negarity\Color\Tests\ColorCreationTest" classname="Negarity.Color.Tests.ColorCreationTest" assertions="1" time="0.000052"/>
        <testcase name="testCreateRgbaColorWithInvalidAlpha" file="/home/prodo/Documents/Projects/Negarity/negarity-color/tests/ColorCreationTest.php" line="272" class="Negarity\Color\Tests\ColorCreationTest" classname="Negarity.Color.Tests.ColorCreationTest" assertions="1" time="0.000050"/>
        <testcase name="testCreateCmykColorWithInvalidCChannel" file="/home/prodo/Documents/Projects/Negarity/negarity-color/tests/ColorCreationTest.php" line="282" class="Negarity\Color\Tests\ColorCreationTest" classname="Negarity.Color.Tests.ColorCreationTest" assertions="1" time="0.000049"/>
        <testcase name="testCreateCmykColorWithInvalidMChannel" file="/home/prodo/Documents/Projects/Negarity/negarity-color/tests/ColorCreationTest.php" line="292" class="Negarity\Color\Tests\ColorCreationTest" classname="Negarity.Color.Tests.ColorCreationTest" assertions="1" time="0.000047"/>
        <testcase name="testCreateHslColorWithInvalidHChannel" file="/home/prodo/Documents/Projects/Negarity/negarity-color/tests/ColorCreationTest.php" line="302" class="Negarity\Color\Tests\ColorCreationTest" classname="Negarity.Color.Tests.ColorCreationTest" assertions="1" time="0.000046"/>
        <testcase name="testCreateHslColorWithInvalidSChannel" file="/home/prodo/Documents/Projects/Negarity/negarity-color/tests/ColorCreationTest.php" line="311" class="Negarity\Color\Tests\ColorCreationTest" classname="Negarity.Color.Tests.ColorCreationTest" assertions="1" time="0.000046"/>
        <testcase name="testCreateHslColorWithInvalidLChannel" file="/home/prodo/Documents/Projects/Negarity/negarity-color/tests/ColorCreationTest.php" line="320" class="Negarity\Color\Tests\ColorCreationTest" classname="Negarity.Color.Tests.ColorCreationTest" assertions="1" time="0.000051"/>
        <testcase name="testCreateHsvColorWithInvalidVChannel" file="/home/prodo/Documents/Projects/Negarity/negarity-color/tests/ColorCreationTest.php" line="329" class="Negarity\Color\Tests\ColorCreationTest" classname="Negarity.Color.Tests.ColorCreationTest" assertions="1" time="0.000053"/>
        <testcase name="testCreateLabColorWithInvalidLChannel" file="/home/prodo/Documents/Projects/Negarity/negarity-color/tests/ColorCreationTest.php" line="338" class="Negarity\Color\Tests\ColorCreationTest" classname="Negarity.Color.Tests.ColorCreationTest" assertions="1" time="0.000047"/>
        <testcase name="testCreateLabColorWithNegativeLChannel" file="/home/prodo/Documents/Projects/Negarity/negarity-color/tests/ColorCreationTest.php" line="347" class="Negarity\Color\Tests\ColorCreationTest" classname="Negarity.Color.Tests.ColorCreationTest" assertions="1" time="0.000047"/>
        <testcase name="testCreateLchColorWithInvalidHChannel" file="/home/prodo/Documents/Projects/Negarity/negarity-color/tests/ColorCreationTest.php" line="356" class="Negarity\Color\Tests\ColorCreationTest" classname="Negarity.Color.Tests.ColorCreationTest" assertions="1" time="0.000049"/>
        <testcase name="testCreateYcbcrColorWithInvalidYChannel" file="/home/prodo/Documents/Projects/Negarity/negarity-color/tests/ColorCreationTest.php" line="365" class="Negarity\Color\Tests\ColorCreationTest" classname="Negarity.Color.Tests.ColorCreationTest" assertions="1" time="0.000050"/>
        <testcase name="testCreateYcbcrColorWithInvalidCbChannel" file="/home/prodo/Documents/Projects/Negarity/negarity-color/tests/ColorCreationTest.php" line="374" class="Negarity\Color\Tests\ColorCreationTest" classname="Negarity.Color.Tests.ColorCreationTest" assertions="1" time="0.000050"/>
        <testcase name="testCreateYcbcrColorWithInvalidCrChannel" file="/home/prodo/Documents/Projects/Negarity/negarity-color/tests/ColorCreationTest.php" line="383" class="Negarity\Color\Tests\ColorCreationTest" classname="Negarity.Color.Tests.ColorCreationTest" assertions="1" time="0.000048"/>
        <testcase name="testGetChannelValues" file="/home/prodo/Documents/Projects/Negarity/negarity-color/tests/ColorCreationTest.php" line="394" class="Negarity\Color\Tests\ColorCreationTest" classname="Negarity.Color.Tests.ColorCreationTest" assertions="6" time="0.000069"/>
        <testcase name="testGetChannels" file="/home/prodo/Documents/Projects/Negarity/negarity-color/tests/ColorCreationTest.php" line="409" class="Negarity\Color\Tests\ColorCreationTest" classname="Negarity.Color.Tests.ColorCreationTest" assertions="4" time="0.000158"/>
        <testcase name="testWithMethodCreatesNewInstance" file="/home/prodo/Documents/Projects/Negarity/negarity-color/tests/ColorCreationTest.php" line="422" class="Negarity\Color\Tests\ColorCreationTest" classname="Negarity.Color.Tests.ColorCreationTest" assertions="5" time="0.000401"/>
        <testcase name="testWithoutMethodCreatesNewInstance" file="/home/prodo/Documents/Projects/Negarity/negarity-color/tests/ColorCreationTest.php" line="438" class="Negarity\Color\Tests\ColorCreationTest" classname="Negarity.Color.Tests.ColorCreationTest" assertions="3" time="0.000087"/>
      </testsuite>
    </testsuite>
  </testsuite>
</testsuites>
