<?xml version="1.0" encoding="UTF-8"?>
<testsuites>
  <testsuite name="/home/prodo/Documents/Projects/Negarity/negarity-color/phpunit.xml" tests="55" assertions="278" errors="0" failures="0" skipped="0" time="0.007094">
    <testsuite name="Negarity Color Test Suite" tests="55" assertions="278" errors="0" failures="0" skipped="0" time="0.007094">
      <testsuite name="Negarity\Color\Tests\ColorTest" file="/home/prodo/Documents/Projects/Negarity/negarity-color/tests/ColorTest.php" tests="55" assertions="278" errors="0" failures="0" skipped="0" time="0.007094">
        <testcase name="testCreateRgbColor" file="/home/prodo/Documents/Projects/Negarity/negarity-color/tests/ColorTest.php" line="25" class="Negarity\Color\Tests\ColorTest" classname="Negarity.Color.Tests.ColorTest" assertions="5" time="0.002019"/>
        <testcase name="testCreateRgbaColor" file="/home/prodo/Documents/Projects/Negarity/negarity-color/tests/ColorTest.php" line="39" class="Negarity\Color\Tests\ColorTest" classname="Negarity.Color.Tests.ColorTest" assertions="6" time="0.000182"/>
        <testcase name="testCreateCmykColor" file="/home/prodo/Documents/Projects/Negarity/negarity-color/tests/ColorTest.php" line="55" class="Negarity\Color\Tests\ColorTest" classname="Negarity.Color.Tests.ColorTest" assertions="6" time="0.000122"/>
        <testcase name="testCreateHslColor" file="/home/prodo/Documents/Projects/Negarity/negarity-color/tests/ColorTest.php" line="71" class="Negarity\Color\Tests\ColorTest" classname="Negarity.Color.Tests.ColorTest" assertions="5" time="0.000102"/>
        <testcase name="testCreateHslaColor" file="/home/prodo/Documents/Projects/Negarity/negarity-color/tests/ColorTest.php" line="85" class="Negarity\Color\Tests\ColorTest" classname="Negarity.Color.Tests.ColorTest" assertions="6" time="0.000112"/>
        <testcase name="testCreateHsvColor" file="/home/prodo/Documents/Projects/Negarity/negarity-color/tests/ColorTest.php" line="101" class="Negarity\Color\Tests\ColorTest" classname="Negarity.Color.Tests.ColorTest" assertions="5" time="0.000092"/>
        <testcase name="testCreateLabColor" file="/home/prodo/Documents/Projects/Negarity/negarity-color/tests/ColorTest.php" line="115" class="Negarity\Color\Tests\ColorTest" classname="Negarity.Color.Tests.ColorTest" assertions="5" time="0.000099"/>
        <testcase name="testCreateLchColor" file="/home/prodo/Documents/Projects/Negarity/negarity-color/tests/ColorTest.php" line="129" class="Negarity\Color\Tests\ColorTest" classname="Negarity.Color.Tests.ColorTest" assertions="5" time="0.000098"/>
        <testcase name="testCreateXyzColor" file="/home/prodo/Documents/Projects/Negarity/negarity-color/tests/ColorTest.php" line="143" class="Negarity\Color\Tests\ColorTest" classname="Negarity.Color.Tests.ColorTest" assertions="5" time="0.000100"/>
        <testcase name="testCreateYcbcrColor" file="/home/prodo/Documents/Projects/Negarity/negarity-color/tests/ColorTest.php" line="157" class="Negarity\Color\Tests\ColorTest" classname="Negarity.Color.Tests.ColorTest" assertions="5" time="0.000110"/>
        <testcase name="testCreateColorFromHex6Digit" file="/home/prodo/Documents/Projects/Negarity/negarity-color/tests/ColorTest.php" line="171" class="Negarity\Color\Tests\ColorTest" classname="Negarity.Color.Tests.ColorTest" assertions="5" time="0.000074"/>
        <testcase name="testCreateColorFromHexWithoutHash" file="/home/prodo/Documents/Projects/Negarity/negarity-color/tests/ColorTest.php" line="187" class="Negarity\Color\Tests\ColorTest" classname="Negarity.Color.Tests.ColorTest" assertions="5" time="0.000064"/>
        <testcase name="testCreateColorFromHex8Digit" file="/home/prodo/Documents/Projects/Negarity/negarity-color/tests/ColorTest.php" line="203" class="Negarity\Color\Tests\ColorTest" classname="Negarity.Color.Tests.ColorTest" assertions="6" time="0.000068"/>
        <testcase name="testCreateColorFromHex3Digit" file="/home/prodo/Documents/Projects/Negarity/negarity-color/tests/ColorTest.php" line="221" class="Negarity\Color\Tests\ColorTest" classname="Negarity.Color.Tests.ColorTest" assertions="5" time="0.000063"/>
        <testcase name="testCreateRgbColorWithInvalidRChannel" file="/home/prodo/Documents/Projects/Negarity/negarity-color/tests/ColorTest.php" line="245" class="Negarity\Color\Tests\ColorTest" classname="Negarity.Color.Tests.ColorTest" assertions="1" time="0.000223"/>
        <testcase name="testCreateRgbColorWithInvalidGChannel" file="/home/prodo/Documents/Projects/Negarity/negarity-color/tests/ColorTest.php" line="254" class="Negarity\Color\Tests\ColorTest" classname="Negarity.Color.Tests.ColorTest" assertions="1" time="0.000060"/>
        <testcase name="testCreateRgbColorWithInvalidBChannel" file="/home/prodo/Documents/Projects/Negarity/negarity-color/tests/ColorTest.php" line="263" class="Negarity\Color\Tests\ColorTest" classname="Negarity.Color.Tests.ColorTest" assertions="1" time="0.000059"/>
        <testcase name="testCreateRgbaColorWithInvalidAlpha" file="/home/prodo/Documents/Projects/Negarity/negarity-color/tests/ColorTest.php" line="272" class="Negarity\Color\Tests\ColorTest" classname="Negarity.Color.Tests.ColorTest" assertions="1" time="0.000052"/>
        <testcase name="testCreateCmykColorWithInvalidCChannel" file="/home/prodo/Documents/Projects/Negarity/negarity-color/tests/ColorTest.php" line="282" class="Negarity\Color\Tests\ColorTest" classname="Negarity.Color.Tests.ColorTest" assertions="1" time="0.000067"/>
        <testcase name="testCreateCmykColorWithInvalidMChannel" file="/home/prodo/Documents/Projects/Negarity/negarity-color/tests/ColorTest.php" line="292" class="Negarity\Color\Tests\ColorTest" classname="Negarity.Color.Tests.ColorTest" assertions="1" time="0.000048"/>
        <testcase name="testCreateHslColorWithInvalidHChannel" file="/home/prodo/Documents/Projects/Negarity/negarity-color/tests/ColorTest.php" line="302" class="Negarity\Color\Tests\ColorTest" classname="Negarity.Color.Tests.ColorTest" assertions="1" time="0.000048"/>
        <testcase name="testCreateHslColorWithInvalidSChannel" file="/home/prodo/Documents/Projects/Negarity/negarity-color/tests/ColorTest.php" line="311" class="Negarity\Color\Tests\ColorTest" classname="Negarity.Color.Tests.ColorTest" assertions="1" time="0.000046"/>
        <testcase name="testCreateHslColorWithInvalidLChannel" file="/home/prodo/Documents/Projects/Negarity/negarity-color/tests/ColorTest.php" line="320" class="Negarity\Color\Tests\ColorTest" classname="Negarity.Color.Tests.ColorTest" assertions="1" time="0.000045"/>
        <testcase name="testCreateHsvColorWithInvalidVChannel" file="/home/prodo/Documents/Projects/Negarity/negarity-color/tests/ColorTest.php" line="329" class="Negarity\Color\Tests\ColorTest" classname="Negarity.Color.Tests.ColorTest" assertions="1" time="0.000053"/>
        <testcase name="testCreateLabColorWithInvalidLChannel" file="/home/prodo/Documents/Projects/Negarity/negarity-color/tests/ColorTest.php" line="338" class="Negarity\Color\Tests\ColorTest" classname="Negarity.Color.Tests.ColorTest" assertions="1" time="0.000045"/>
        <testcase name="testCreateLabColorWithNegativeLChannel" file="/home/prodo/Documents/Projects/Negarity/negarity-color/tests/ColorTest.php" line="347" class="Negarity\Color\Tests\ColorTest" classname="Negarity.Color.Tests.ColorTest" assertions="1" time="0.000046"/>
        <testcase name="testCreateLchColorWithInvalidHChannel" file="/home/prodo/Documents/Projects/Negarity/negarity-color/tests/ColorTest.php" line="356" class="Negarity\Color\Tests\ColorTest" classname="Negarity.Color.Tests.ColorTest" assertions="1" time="0.000046"/>
        <testcase name="testCreateYcbcrColorWithInvalidYChannel" file="/home/prodo/Documents/Projects/Negarity/negarity-color/tests/ColorTest.php" line="365" class="Negarity\Color\Tests\ColorTest" classname="Negarity.Color.Tests.ColorTest" assertions="1" time="0.000048"/>
        <testcase name="testCreateYcbcrColorWithInvalidCbChannel" file="/home/prodo/Documents/Projects/Negarity/negarity-color/tests/ColorTest.php" line="374" class="Negarity\Color\Tests\ColorTest" classname="Negarity.Color.Tests.ColorTest" assertions="1" time="0.000047"/>
        <testcase name="testCreateYcbcrColorWithInvalidCrChannel" file="/home/prodo/Documents/Projects/Negarity/negarity-color/tests/ColorTest.php" line="383" class="Negarity\Color\Tests\ColorTest" classname="Negarity.Color.Tests.ColorTest" assertions="1" time="0.000046"/>
        <testcase name="testConvertRgbToRgb" file="/home/prodo/Documents/Projects/Negarity/negarity-color/tests/ColorTest.php" line="394" class="Negarity\Color\Tests\ColorTest" classname="Negarity.Color.Tests.ColorTest" assertions="4" time="0.000060"/>
        <testcase name="testConvertRgbToCmyk" file="/home/prodo/Documents/Projects/Negarity/negarity-color/tests/ColorTest.php" line="405" class="Negarity\Color\Tests\ColorTest" classname="Negarity.Color.Tests.ColorTest" assertions="17" time="0.000396"/>
        <testcase name="testConvertCmykToRgb" file="/home/prodo/Documents/Projects/Negarity/negarity-color/tests/ColorTest.php" line="421" class="Negarity\Color\Tests\ColorTest" classname="Negarity.Color.Tests.ColorTest" assertions="13" time="0.000118"/>
        <testcase name="testConvertRgbToHsl" file="/home/prodo/Documents/Projects/Negarity/negarity-color/tests/ColorTest.php" line="435" class="Negarity\Color\Tests\ColorTest" classname="Negarity.Color.Tests.ColorTest" assertions="13" time="0.000104"/>
        <testcase name="testConvertHslToRgb" file="/home/prodo/Documents/Projects/Negarity/negarity-color/tests/ColorTest.php" line="449" class="Negarity\Color\Tests\ColorTest" classname="Negarity.Color.Tests.ColorTest" assertions="4" time="0.000060"/>
        <testcase name="testConvertRgbToHsv" file="/home/prodo/Documents/Projects/Negarity/negarity-color/tests/ColorTest.php" line="460" class="Negarity\Color\Tests\ColorTest" classname="Negarity.Color.Tests.ColorTest" assertions="13" time="0.000098"/>
        <testcase name="testConvertHsvToRgb" file="/home/prodo/Documents/Projects/Negarity/negarity-color/tests/ColorTest.php" line="474" class="Negarity\Color\Tests\ColorTest" classname="Negarity.Color.Tests.ColorTest" assertions="13" time="0.000102"/>
        <testcase name="testConvertRgbToLab" file="/home/prodo/Documents/Projects/Negarity/negarity-color/tests/ColorTest.php" line="488" class="Negarity\Color\Tests\ColorTest" classname="Negarity.Color.Tests.ColorTest" assertions="4" time="0.000152"/>
        <testcase name="testConvertLabToRgb" file="/home/prodo/Documents/Projects/Negarity/negarity-color/tests/ColorTest.php" line="500" class="Negarity\Color\Tests\ColorTest" classname="Negarity.Color.Tests.ColorTest" assertions="13" time="0.000117"/>
        <testcase name="testConvertRgbToLch" file="/home/prodo/Documents/Projects/Negarity/negarity-color/tests/ColorTest.php" line="514" class="Negarity\Color\Tests\ColorTest" classname="Negarity.Color.Tests.ColorTest" assertions="7" time="0.000078"/>
        <testcase name="testConvertLchToRgb" file="/home/prodo/Documents/Projects/Negarity/negarity-color/tests/ColorTest.php" line="527" class="Negarity\Color\Tests\ColorTest" classname="Negarity.Color.Tests.ColorTest" assertions="13" time="0.000101"/>
        <testcase name="testConvertRgbToXyz" file="/home/prodo/Documents/Projects/Negarity/negarity-color/tests/ColorTest.php" line="541" class="Negarity\Color\Tests\ColorTest" classname="Negarity.Color.Tests.ColorTest" assertions="4" time="0.000056"/>
        <testcase name="testConvertXyzToRgb" file="/home/prodo/Documents/Projects/Negarity/negarity-color/tests/ColorTest.php" line="553" class="Negarity\Color\Tests\ColorTest" classname="Negarity.Color.Tests.ColorTest" assertions="13" time="0.000097"/>
        <testcase name="testConvertRgbToYcbcr" file="/home/prodo/Documents/Projects/Negarity/negarity-color/tests/ColorTest.php" line="567" class="Negarity\Color\Tests\ColorTest" classname="Negarity.Color.Tests.ColorTest" assertions="13" time="0.000099"/>
        <testcase name="testConvertYcbcrToRgb" file="/home/prodo/Documents/Projects/Negarity/negarity-color/tests/ColorTest.php" line="581" class="Negarity\Color\Tests\ColorTest" classname="Negarity.Color.Tests.ColorTest" assertions="13" time="0.000095"/>
        <testcase name="testRoundTripRgbToCmykAndBack" file="/home/prodo/Documents/Projects/Negarity/negarity-color/tests/ColorTest.php" line="597" class="Negarity\Color\Tests\ColorTest" classname="Negarity.Color.Tests.ColorTest" assertions="3" time="0.000126"/>
        <testcase name="testRoundTripRgbToHslAndBack" file="/home/prodo/Documents/Projects/Negarity/negarity-color/tests/ColorTest.php" line="609" class="Negarity\Color\Tests\ColorTest" classname="Negarity.Color.Tests.ColorTest" assertions="3" time="0.000067"/>
        <testcase name="testRoundTripRgbToHsvAndBack" file="/home/prodo/Documents/Projects/Negarity/negarity-color/tests/ColorTest.php" line="621" class="Negarity\Color\Tests\ColorTest" classname="Negarity.Color.Tests.ColorTest" assertions="3" time="0.000064"/>
        <testcase name="testRgbToHex" file="/home/prodo/Documents/Projects/Negarity/negarity-color/tests/ColorTest.php" line="635" class="Negarity\Color\Tests\ColorTest" classname="Negarity.Color.Tests.ColorTest" assertions="1" time="0.000044"/>
        <testcase name="testRgbaToHex" file="/home/prodo/Documents/Projects/Negarity/negarity-color/tests/ColorTest.php" line="643" class="Negarity\Color\Tests\ColorTest" classname="Negarity.Color.Tests.ColorTest" assertions="1" time="0.000044"/>
        <testcase name="testColorSpaceConversionToHex" file="/home/prodo/Documents/Projects/Negarity/negarity-color/tests/ColorTest.php" line="651" class="Negarity\Color\Tests\ColorTest" classname="Negarity.Color.Tests.ColorTest" assertions="2" time="0.000092"/>
        <testcase name="testGetChannelValues" file="/home/prodo/Documents/Projects/Negarity/negarity-color/tests/ColorTest.php" line="663" class="Negarity\Color\Tests\ColorTest" classname="Negarity.Color.Tests.ColorTest" assertions="6" time="0.000059"/>
        <testcase name="testGetChannels" file="/home/prodo/Documents/Projects/Negarity/negarity-color/tests/ColorTest.php" line="675" class="Negarity\Color\Tests\ColorTest" classname="Negarity.Color.Tests.ColorTest" assertions="4" time="0.000133"/>
        <testcase name="testWithMethodCreatesNewInstance" file="/home/prodo/Documents/Projects/Negarity/negarity-color/tests/ColorTest.php" line="688" class="Negarity\Color\Tests\ColorTest" classname="Negarity.Color.Tests.ColorTest" assertions="5" time="0.000373"/>
        <testcase name="testWithoutMethodCreatesNewInstance" file="/home/prodo/Documents/Projects/Negarity/negarity-color/tests/ColorTest.php" line="700" class="Negarity\Color\Tests\ColorTest" classname="Negarity.Color.Tests.ColorTest" assertions="3" time="0.000076"/>
      </testsuite>
    </testsuite>
  </testsuite>
</testsuites>
