<?xml version="1.0" encoding="UTF-8"?>
<testsuites>
  <testsuite name="/home/prodo/Documents/Projects/Negarity/negarity-color/phpunit.xml" tests="55" assertions="278" errors="0" failures="0" skipped="0" time="0.007701">
    <testsuite name="Negarity Color Test Suite" tests="55" assertions="278" errors="0" failures="0" skipped="0" time="0.007701">
      <testsuite name="Negarity\Color\Tests\ColorTest" file="/home/prodo/Documents/Projects/Negarity/negarity-color/tests/ColorTest.php" tests="55" assertions="278" errors="0" failures="0" skipped="0" time="0.007701">
        <testcase name="testCreateRgbColor" file="/home/prodo/Documents/Projects/Negarity/negarity-color/tests/ColorTest.php" line="25" class="Negarity\Color\Tests\ColorTest" classname="Negarity.Color.Tests.ColorTest" assertions="5" time="0.002118"/>
        <testcase name="testCreateRgbaColor" file="/home/prodo/Documents/Projects/Negarity/negarity-color/tests/ColorTest.php" line="39" class="Negarity\Color\Tests\ColorTest" classname="Negarity.Color.Tests.ColorTest" assertions="6" time="0.000194"/>
        <testcase name="testCreateCmykColor" file="/home/prodo/Documents/Projects/Negarity/negarity-color/tests/ColorTest.php" line="55" class="Negarity\Color\Tests\ColorTest" classname="Negarity.Color.Tests.ColorTest" assertions="6" time="0.000129"/>
        <testcase name="testCreateHslColor" file="/home/prodo/Documents/Projects/Negarity/negarity-color/tests/ColorTest.php" line="71" class="Negarity\Color\Tests\ColorTest" classname="Negarity.Color.Tests.ColorTest" assertions="5" time="0.000127"/>
        <testcase name="testCreateHslaColor" file="/home/prodo/Documents/Projects/Negarity/negarity-color/tests/ColorTest.php" line="85" class="Negarity\Color\Tests\ColorTest" classname="Negarity.Color.Tests.ColorTest" assertions="6" time="0.000127"/>
        <testcase name="testCreateHsvColor" file="/home/prodo/Documents/Projects/Negarity/negarity-color/tests/ColorTest.php" line="101" class="Negarity\Color\Tests\ColorTest" classname="Negarity.Color.Tests.ColorTest" assertions="5" time="0.000118"/>
        <testcase name="testCreateLabColor" file="/home/prodo/Documents/Projects/Negarity/negarity-color/tests/ColorTest.php" line="115" class="Negarity\Color\Tests\ColorTest" classname="Negarity.Color.Tests.ColorTest" assertions="5" time="0.000111"/>
        <testcase name="testCreateLchColor" file="/home/prodo/Documents/Projects/Negarity/negarity-color/tests/ColorTest.php" line="129" class="Negarity\Color\Tests\ColorTest" classname="Negarity.Color.Tests.ColorTest" assertions="5" time="0.000098"/>
        <testcase name="testCreateXyzColor" file="/home/prodo/Documents/Projects/Negarity/negarity-color/tests/ColorTest.php" line="143" class="Negarity\Color\Tests\ColorTest" classname="Negarity.Color.Tests.ColorTest" assertions="5" time="0.000106"/>
        <testcase name="testCreateYcbcrColor" file="/home/prodo/Documents/Projects/Negarity/negarity-color/tests/ColorTest.php" line="157" class="Negarity\Color\Tests\ColorTest" classname="Negarity.Color.Tests.ColorTest" assertions="5" time="0.000110"/>
        <testcase name="testCreateColorFromHex6Digit" file="/home/prodo/Documents/Projects/Negarity/negarity-color/tests/ColorTest.php" line="171" class="Negarity\Color\Tests\ColorTest" classname="Negarity.Color.Tests.ColorTest" assertions="5" time="0.000087"/>
        <testcase name="testCreateColorFromHexWithoutHash" file="/home/prodo/Documents/Projects/Negarity/negarity-color/tests/ColorTest.php" line="187" class="Negarity\Color\Tests\ColorTest" classname="Negarity.Color.Tests.ColorTest" assertions="5" time="0.000072"/>
        <testcase name="testCreateColorFromHex8Digit" file="/home/prodo/Documents/Projects/Negarity/negarity-color/tests/ColorTest.php" line="203" class="Negarity\Color\Tests\ColorTest" classname="Negarity.Color.Tests.ColorTest" assertions="6" time="0.000077"/>
        <testcase name="testCreateColorFromHex3Digit" file="/home/prodo/Documents/Projects/Negarity/negarity-color/tests/ColorTest.php" line="221" class="Negarity\Color\Tests\ColorTest" classname="Negarity.Color.Tests.ColorTest" assertions="5" time="0.000098"/>
        <testcase name="testCreateRgbColorWithInvalidRChannel" file="/home/prodo/Documents/Projects/Negarity/negarity-color/tests/ColorTest.php" line="245" class="Negarity\Color\Tests\ColorTest" classname="Negarity.Color.Tests.ColorTest" assertions="1" time="0.000264"/>
        <testcase name="testCreateRgbColorWithInvalidGChannel" file="/home/prodo/Documents/Projects/Negarity/negarity-color/tests/ColorTest.php" line="251" class="Negarity\Color\Tests\ColorTest" classname="Negarity.Color.Tests.ColorTest" assertions="1" time="0.000058"/>
        <testcase name="testCreateRgbColorWithInvalidBChannel" file="/home/prodo/Documents/Projects/Negarity/negarity-color/tests/ColorTest.php" line="257" class="Negarity\Color\Tests\ColorTest" classname="Negarity.Color.Tests.ColorTest" assertions="1" time="0.000048"/>
        <testcase name="testCreateRgbaColorWithInvalidAlpha" file="/home/prodo/Documents/Projects/Negarity/negarity-color/tests/ColorTest.php" line="263" class="Negarity\Color\Tests\ColorTest" classname="Negarity.Color.Tests.ColorTest" assertions="1" time="0.000050"/>
        <testcase name="testCreateCmykColorWithInvalidCChannel" file="/home/prodo/Documents/Projects/Negarity/negarity-color/tests/ColorTest.php" line="269" class="Negarity\Color\Tests\ColorTest" classname="Negarity.Color.Tests.ColorTest" assertions="1" time="0.000044"/>
        <testcase name="testCreateCmykColorWithInvalidMChannel" file="/home/prodo/Documents/Projects/Negarity/negarity-color/tests/ColorTest.php" line="275" class="Negarity\Color\Tests\ColorTest" classname="Negarity.Color.Tests.ColorTest" assertions="1" time="0.000044"/>
        <testcase name="testCreateHslColorWithInvalidHChannel" file="/home/prodo/Documents/Projects/Negarity/negarity-color/tests/ColorTest.php" line="281" class="Negarity\Color\Tests\ColorTest" classname="Negarity.Color.Tests.ColorTest" assertions="1" time="0.000043"/>
        <testcase name="testCreateHslColorWithInvalidSChannel" file="/home/prodo/Documents/Projects/Negarity/negarity-color/tests/ColorTest.php" line="287" class="Negarity\Color\Tests\ColorTest" classname="Negarity.Color.Tests.ColorTest" assertions="1" time="0.000043"/>
        <testcase name="testCreateHslColorWithInvalidLChannel" file="/home/prodo/Documents/Projects/Negarity/negarity-color/tests/ColorTest.php" line="293" class="Negarity\Color\Tests\ColorTest" classname="Negarity.Color.Tests.ColorTest" assertions="1" time="0.000043"/>
        <testcase name="testCreateHsvColorWithInvalidVChannel" file="/home/prodo/Documents/Projects/Negarity/negarity-color/tests/ColorTest.php" line="299" class="Negarity\Color\Tests\ColorTest" classname="Negarity.Color.Tests.ColorTest" assertions="1" time="0.000048"/>
        <testcase name="testCreateLabColorWithInvalidLChannel" file="/home/prodo/Documents/Projects/Negarity/negarity-color/tests/ColorTest.php" line="305" class="Negarity\Color\Tests\ColorTest" classname="Negarity.Color.Tests.ColorTest" assertions="1" time="0.000043"/>
        <testcase name="testCreateLabColorWithNegativeLChannel" file="/home/prodo/Documents/Projects/Negarity/negarity-color/tests/ColorTest.php" line="311" class="Negarity\Color\Tests\ColorTest" classname="Negarity.Color.Tests.ColorTest" assertions="1" time="0.000045"/>
        <testcase name="testCreateLchColorWithInvalidHChannel" file="/home/prodo/Documents/Projects/Negarity/negarity-color/tests/ColorTest.php" line="317" class="Negarity\Color\Tests\ColorTest" classname="Negarity.Color.Tests.ColorTest" assertions="1" time="0.000048"/>
        <testcase name="testCreateYcbcrColorWithInvalidYChannel" file="/home/prodo/Documents/Projects/Negarity/negarity-color/tests/ColorTest.php" line="323" class="Negarity\Color\Tests\ColorTest" classname="Negarity.Color.Tests.ColorTest" assertions="1" time="0.000050"/>
        <testcase name="testCreateYcbcrColorWithInvalidCbChannel" file="/home/prodo/Documents/Projects/Negarity/negarity-color/tests/ColorTest.php" line="329" class="Negarity\Color\Tests\ColorTest" classname="Negarity.Color.Tests.ColorTest" assertions="1" time="0.000044"/>
        <testcase name="testCreateYcbcrColorWithInvalidCrChannel" file="/home/prodo/Documents/Projects/Negarity/negarity-color/tests/ColorTest.php" line="335" class="Negarity\Color\Tests\ColorTest" classname="Negarity.Color.Tests.ColorTest" assertions="1" time="0.000044"/>
        <testcase name="testConvertRgbToRgb" file="/home/prodo/Documents/Projects/Negarity/negarity-color/tests/ColorTest.php" line="343" class="Negarity\Color\Tests\ColorTest" classname="Negarity.Color.Tests.ColorTest" assertions="4" time="0.000060"/>
        <testcase name="testConvertRgbToCmyk" file="/home/prodo/Documents/Projects/Negarity/negarity-color/tests/ColorTest.php" line="354" class="Negarity\Color\Tests\ColorTest" classname="Negarity.Color.Tests.ColorTest" assertions="17" time="0.000374"/>
        <testcase name="testConvertCmykToRgb" file="/home/prodo/Documents/Projects/Negarity/negarity-color/tests/ColorTest.php" line="370" class="Negarity\Color\Tests\ColorTest" classname="Negarity.Color.Tests.ColorTest" assertions="13" time="0.000119"/>
        <testcase name="testConvertRgbToHsl" file="/home/prodo/Documents/Projects/Negarity/negarity-color/tests/ColorTest.php" line="384" class="Negarity\Color\Tests\ColorTest" classname="Negarity.Color.Tests.ColorTest" assertions="13" time="0.000120"/>
        <testcase name="testConvertHslToRgb" file="/home/prodo/Documents/Projects/Negarity/negarity-color/tests/ColorTest.php" line="398" class="Negarity\Color\Tests\ColorTest" classname="Negarity.Color.Tests.ColorTest" assertions="4" time="0.000066"/>
        <testcase name="testConvertRgbToHsv" file="/home/prodo/Documents/Projects/Negarity/negarity-color/tests/ColorTest.php" line="409" class="Negarity\Color\Tests\ColorTest" classname="Negarity.Color.Tests.ColorTest" assertions="13" time="0.000110"/>
        <testcase name="testConvertHsvToRgb" file="/home/prodo/Documents/Projects/Negarity/negarity-color/tests/ColorTest.php" line="423" class="Negarity\Color\Tests\ColorTest" classname="Negarity.Color.Tests.ColorTest" assertions="13" time="0.000111"/>
        <testcase name="testConvertRgbToLab" file="/home/prodo/Documents/Projects/Negarity/negarity-color/tests/ColorTest.php" line="437" class="Negarity\Color\Tests\ColorTest" classname="Negarity.Color.Tests.ColorTest" assertions="4" time="0.000163"/>
        <testcase name="testConvertLabToRgb" file="/home/prodo/Documents/Projects/Negarity/negarity-color/tests/ColorTest.php" line="449" class="Negarity\Color\Tests\ColorTest" classname="Negarity.Color.Tests.ColorTest" assertions="13" time="0.000130"/>
        <testcase name="testConvertRgbToLch" file="/home/prodo/Documents/Projects/Negarity/negarity-color/tests/ColorTest.php" line="463" class="Negarity\Color\Tests\ColorTest" classname="Negarity.Color.Tests.ColorTest" assertions="7" time="0.000098"/>
        <testcase name="testConvertLchToRgb" file="/home/prodo/Documents/Projects/Negarity/negarity-color/tests/ColorTest.php" line="476" class="Negarity\Color\Tests\ColorTest" classname="Negarity.Color.Tests.ColorTest" assertions="13" time="0.000115"/>
        <testcase name="testConvertRgbToXyz" file="/home/prodo/Documents/Projects/Negarity/negarity-color/tests/ColorTest.php" line="490" class="Negarity\Color\Tests\ColorTest" classname="Negarity.Color.Tests.ColorTest" assertions="4" time="0.000068"/>
        <testcase name="testConvertXyzToRgb" file="/home/prodo/Documents/Projects/Negarity/negarity-color/tests/ColorTest.php" line="502" class="Negarity\Color\Tests\ColorTest" classname="Negarity.Color.Tests.ColorTest" assertions="13" time="0.000113"/>
        <testcase name="testConvertRgbToYcbcr" file="/home/prodo/Documents/Projects/Negarity/negarity-color/tests/ColorTest.php" line="516" class="Negarity\Color\Tests\ColorTest" classname="Negarity.Color.Tests.ColorTest" assertions="13" time="0.000117"/>
        <testcase name="testConvertYcbcrToRgb" file="/home/prodo/Documents/Projects/Negarity/negarity-color/tests/ColorTest.php" line="530" class="Negarity\Color\Tests\ColorTest" classname="Negarity.Color.Tests.ColorTest" assertions="13" time="0.000111"/>
        <testcase name="testRoundTripRgbToCmykAndBack" file="/home/prodo/Documents/Projects/Negarity/negarity-color/tests/ColorTest.php" line="546" class="Negarity\Color\Tests\ColorTest" classname="Negarity.Color.Tests.ColorTest" assertions="3" time="0.000148"/>
        <testcase name="testRoundTripRgbToHslAndBack" file="/home/prodo/Documents/Projects/Negarity/negarity-color/tests/ColorTest.php" line="558" class="Negarity\Color\Tests\ColorTest" classname="Negarity.Color.Tests.ColorTest" assertions="3" time="0.000071"/>
        <testcase name="testRoundTripRgbToHsvAndBack" file="/home/prodo/Documents/Projects/Negarity/negarity-color/tests/ColorTest.php" line="570" class="Negarity\Color\Tests\ColorTest" classname="Negarity.Color.Tests.ColorTest" assertions="3" time="0.000067"/>
        <testcase name="testRgbToHex" file="/home/prodo/Documents/Projects/Negarity/negarity-color/tests/ColorTest.php" line="584" class="Negarity\Color\Tests\ColorTest" classname="Negarity.Color.Tests.ColorTest" assertions="1" time="0.000046"/>
        <testcase name="testRgbaToHex" file="/home/prodo/Documents/Projects/Negarity/negarity-color/tests/ColorTest.php" line="592" class="Negarity\Color\Tests\ColorTest" classname="Negarity.Color.Tests.ColorTest" assertions="1" time="0.000048"/>
        <testcase name="testColorSpaceConversionToHex" file="/home/prodo/Documents/Projects/Negarity/negarity-color/tests/ColorTest.php" line="600" class="Negarity\Color\Tests\ColorTest" classname="Negarity.Color.Tests.ColorTest" assertions="2" time="0.000117"/>
        <testcase name="testGetChannelValues" file="/home/prodo/Documents/Projects/Negarity/negarity-color/tests/ColorTest.php" line="612" class="Negarity\Color\Tests\ColorTest" classname="Negarity.Color.Tests.ColorTest" assertions="6" time="0.000076"/>
        <testcase name="testGetChannels" file="/home/prodo/Documents/Projects/Negarity/negarity-color/tests/ColorTest.php" line="624" class="Negarity\Color\Tests\ColorTest" classname="Negarity.Color.Tests.ColorTest" assertions="4" time="0.000228"/>
        <testcase name="testWithMethodCreatesNewInstance" file="/home/prodo/Documents/Projects/Negarity/negarity-color/tests/ColorTest.php" line="637" class="Negarity\Color\Tests\ColorTest" classname="Negarity.Color.Tests.ColorTest" assertions="5" time="0.000416"/>
        <testcase name="testWithoutMethodCreatesNewInstance" file="/home/prodo/Documents/Projects/Negarity/negarity-color/tests/ColorTest.php" line="649" class="Negarity\Color\Tests\ColorTest" classname="Negarity.Color.Tests.ColorTest" assertions="3" time="0.000080"/>
      </testsuite>
    </testsuite>
  </testsuite>
</testsuites>
