<?xml version="1.0" encoding="UTF-8"?>
<testsuites>
  <testsuite name="/home/prodo/Documents/Projects/Negarity/negarity-color/phpunit.xml" tests="55" assertions="231" errors="0" failures="1" skipped="0" time="0.068366">
    <testsuite name="Negarity Color Test Suite" tests="55" assertions="231" errors="0" failures="1" skipped="0" time="0.068366">
      <testsuite name="Negarity\Color\Tests\ColorConversionTest" file="/home/prodo/Documents/Projects/Negarity/negarity-color/tests/ColorConversionTest.php" tests="21" assertions="123" errors="0" failures="1" skipped="0" time="0.065717">
        <testcase name="testConvertRgbToRgb" file="/home/prodo/Documents/Projects/Negarity/negarity-color/tests/ColorConversionTest.php" line="140" class="Negarity\Color\Tests\ColorConversionTest" classname="Negarity.Color.Tests.ColorConversionTest" assertions="4" time="0.001836"/>
        <testcase name="testConvertRgbToCmyk" file="/home/prodo/Documents/Projects/Negarity/negarity-color/tests/ColorConversionTest.php" line="154" class="Negarity\Color\Tests\ColorConversionTest" classname="Negarity.Color.Tests.ColorConversionTest" assertions="17" time="0.004804"/>
        <testcase name="testConvertCmykToRgb" file="/home/prodo/Documents/Projects/Negarity/negarity-color/tests/ColorConversionTest.php" line="172" class="Negarity\Color\Tests\ColorConversionTest" classname="Negarity.Color.Tests.ColorConversionTest" assertions="13" time="0.002992"/>
        <testcase name="testConvertRgbToHsl" file="/home/prodo/Documents/Projects/Negarity/negarity-color/tests/ColorConversionTest.php" line="188" class="Negarity\Color\Tests\ColorConversionTest" classname="Negarity.Color.Tests.ColorConversionTest" assertions="4" time="0.003035"/>
        <testcase name="testConvertHslToRgb" file="/home/prodo/Documents/Projects/Negarity/negarity-color/tests/ColorConversionTest.php" line="201" class="Negarity\Color\Tests\ColorConversionTest" classname="Negarity.Color.Tests.ColorConversionTest" assertions="4" time="0.003113"/>
        <testcase name="testConvertRgbToHsv" file="/home/prodo/Documents/Projects/Negarity/negarity-color/tests/ColorConversionTest.php" line="214" class="Negarity\Color\Tests\ColorConversionTest" classname="Negarity.Color.Tests.ColorConversionTest" assertions="4" time="0.004120"/>
        <testcase name="testConvertHsvToRgb" file="/home/prodo/Documents/Projects/Negarity/negarity-color/tests/ColorConversionTest.php" line="234" class="Negarity\Color\Tests\ColorConversionTest" classname="Negarity.Color.Tests.ColorConversionTest" assertions="4" time="0.003098"/>
        <testcase name="testConvertRgbToLab" file="/home/prodo/Documents/Projects/Negarity/negarity-color/tests/ColorConversionTest.php" line="247" class="Negarity\Color\Tests\ColorConversionTest" classname="Negarity.Color.Tests.ColorConversionTest" assertions="7" time="0.003119"/>
        <testcase name="testConvertLabToRgb" file="/home/prodo/Documents/Projects/Negarity/negarity-color/tests/ColorConversionTest.php" line="264" class="Negarity\Color\Tests\ColorConversionTest" classname="Negarity.Color.Tests.ColorConversionTest" assertions="4" time="0.002902"/>
        <testcase name="testConvertRgbToLch" file="/home/prodo/Documents/Projects/Negarity/negarity-color/tests/ColorConversionTest.php" line="310" class="Negarity\Color\Tests\ColorConversionTest" classname="Negarity.Color.Tests.ColorConversionTest" assertions="10" time="0.003885"/>
        <testcase name="testConvertLchToRgb" file="/home/prodo/Documents/Projects/Negarity/negarity-color/tests/ColorConversionTest.php" line="328" class="Negarity\Color\Tests\ColorConversionTest" classname="Negarity.Color.Tests.ColorConversionTest" assertions="4" time="0.003217"/>
        <testcase name="testConvertRgbToXyz" file="/home/prodo/Documents/Projects/Negarity/negarity-color/tests/ColorConversionTest.php" line="374" class="Negarity\Color\Tests\ColorConversionTest" classname="Negarity.Color.Tests.ColorConversionTest" assertions="7" time="0.003898"/>
        <testcase name="testConvertXyzToRgb" file="/home/prodo/Documents/Projects/Negarity/negarity-color/tests/ColorConversionTest.php" line="391" class="Negarity\Color\Tests\ColorConversionTest" classname="Negarity.Color.Tests.ColorConversionTest" assertions="2" time="0.005513">
          <failure type="PHPUnit\Framework\ExpectationFailedException">Negarity\Color\Tests\ColorConversionTest::testConvertXyzToRgb
RGB R channel mismatch. XYZ(2, 2, 1) -&gt; Expected R=36, Got R=48
Failed asserting that 48 matches expected 36.

/home/prodo/Documents/Projects/Negarity/negarity-color/tests/ColorConversionTest.php:424</failure>
        </testcase>
        <testcase name="testConvertRgbToYcbcr" file="/home/prodo/Documents/Projects/Negarity/negarity-color/tests/ColorConversionTest.php" line="462" class="Negarity\Color\Tests\ColorConversionTest" classname="Negarity.Color.Tests.ColorConversionTest" assertions="13" time="0.000288"/>
        <testcase name="testConvertYcbcrToRgb" file="/home/prodo/Documents/Projects/Negarity/negarity-color/tests/ColorConversionTest.php" line="479" class="Negarity\Color\Tests\ColorConversionTest" classname="Negarity.Color.Tests.ColorConversionTest" assertions="13" time="0.000127"/>
        <testcase name="testRoundTripRgbToCmykAndBack" file="/home/prodo/Documents/Projects/Negarity/negarity-color/tests/ColorConversionTest.php" line="498" class="Negarity\Color\Tests\ColorConversionTest" classname="Negarity.Color.Tests.ColorConversionTest" assertions="3" time="0.003221"/>
        <testcase name="testRoundTripRgbToHslAndBack" file="/home/prodo/Documents/Projects/Negarity/negarity-color/tests/ColorConversionTest.php" line="511" class="Negarity\Color\Tests\ColorConversionTest" classname="Negarity.Color.Tests.ColorConversionTest" assertions="3" time="0.003040"/>
        <testcase name="testRoundTripRgbToHsvAndBack" file="/home/prodo/Documents/Projects/Negarity/negarity-color/tests/ColorConversionTest.php" line="524" class="Negarity\Color\Tests\ColorConversionTest" classname="Negarity.Color.Tests.ColorConversionTest" assertions="3" time="0.003733"/>
        <testcase name="testRgbToHex" file="/home/prodo/Documents/Projects/Negarity/negarity-color/tests/ColorConversionTest.php" line="539" class="Negarity\Color\Tests\ColorConversionTest" classname="Negarity.Color.Tests.ColorConversionTest" assertions="1" time="0.002870"/>
        <testcase name="testRgbaToHex" file="/home/prodo/Documents/Projects/Negarity/negarity-color/tests/ColorConversionTest.php" line="549" class="Negarity\Color\Tests\ColorConversionTest" classname="Negarity.Color.Tests.ColorConversionTest" assertions="1" time="0.003844"/>
        <testcase name="testColorSpaceConversionToHex" file="/home/prodo/Documents/Projects/Negarity/negarity-color/tests/ColorConversionTest.php" line="560" class="Negarity\Color\Tests\ColorConversionTest" classname="Negarity.Color.Tests.ColorConversionTest" assertions="2" time="0.003061"/>
      </testsuite>
      <testsuite name="Negarity\Color\Tests\ColorCreationTest" file="/home/prodo/Documents/Projects/Negarity/negarity-color/tests/ColorCreationTest.php" tests="34" assertions="108" errors="0" failures="0" skipped="0" time="0.002649">
        <testcase name="testCreateRgbColor" file="/home/prodo/Documents/Projects/Negarity/negarity-color/tests/ColorCreationTest.php" line="25" class="Negarity\Color\Tests\ColorCreationTest" classname="Negarity.Color.Tests.ColorCreationTest" assertions="5" time="0.000169"/>
        <testcase name="testCreateRgbaColor" file="/home/prodo/Documents/Projects/Negarity/negarity-color/tests/ColorCreationTest.php" line="39" class="Negarity\Color\Tests\ColorCreationTest" classname="Negarity.Color.Tests.ColorCreationTest" assertions="6" time="0.000075"/>
        <testcase name="testCreateCmykColor" file="/home/prodo/Documents/Projects/Negarity/negarity-color/tests/ColorCreationTest.php" line="55" class="Negarity\Color\Tests\ColorCreationTest" classname="Negarity.Color.Tests.ColorCreationTest" assertions="6" time="0.000074"/>
        <testcase name="testCreateHslColor" file="/home/prodo/Documents/Projects/Negarity/negarity-color/tests/ColorCreationTest.php" line="71" class="Negarity\Color\Tests\ColorCreationTest" classname="Negarity.Color.Tests.ColorCreationTest" assertions="5" time="0.000061"/>
        <testcase name="testCreateHslaColor" file="/home/prodo/Documents/Projects/Negarity/negarity-color/tests/ColorCreationTest.php" line="85" class="Negarity\Color\Tests\ColorCreationTest" classname="Negarity.Color.Tests.ColorCreationTest" assertions="6" time="0.000133"/>
        <testcase name="testCreateHsvColor" file="/home/prodo/Documents/Projects/Negarity/negarity-color/tests/ColorCreationTest.php" line="101" class="Negarity\Color\Tests\ColorCreationTest" classname="Negarity.Color.Tests.ColorCreationTest" assertions="5" time="0.000059"/>
        <testcase name="testCreateLabColor" file="/home/prodo/Documents/Projects/Negarity/negarity-color/tests/ColorCreationTest.php" line="115" class="Negarity\Color\Tests\ColorCreationTest" classname="Negarity.Color.Tests.ColorCreationTest" assertions="5" time="0.000056"/>
        <testcase name="testCreateLchColor" file="/home/prodo/Documents/Projects/Negarity/negarity-color/tests/ColorCreationTest.php" line="129" class="Negarity\Color\Tests\ColorCreationTest" classname="Negarity.Color.Tests.ColorCreationTest" assertions="5" time="0.000056"/>
        <testcase name="testCreateXyzColor" file="/home/prodo/Documents/Projects/Negarity/negarity-color/tests/ColorCreationTest.php" line="143" class="Negarity\Color\Tests\ColorCreationTest" classname="Negarity.Color.Tests.ColorCreationTest" assertions="5" time="0.000056"/>
        <testcase name="testCreateYcbcrColor" file="/home/prodo/Documents/Projects/Negarity/negarity-color/tests/ColorCreationTest.php" line="157" class="Negarity\Color\Tests\ColorCreationTest" classname="Negarity.Color.Tests.ColorCreationTest" assertions="5" time="0.000061"/>
        <testcase name="testCreateColorFromHex6Digit" file="/home/prodo/Documents/Projects/Negarity/negarity-color/tests/ColorCreationTest.php" line="171" class="Negarity\Color\Tests\ColorCreationTest" classname="Negarity.Color.Tests.ColorCreationTest" assertions="5" time="0.000066"/>
        <testcase name="testCreateColorFromHexWithoutHash" file="/home/prodo/Documents/Projects/Negarity/negarity-color/tests/ColorCreationTest.php" line="187" class="Negarity\Color\Tests\ColorCreationTest" classname="Negarity.Color.Tests.ColorCreationTest" assertions="5" time="0.000063"/>
        <testcase name="testCreateColorFromHex8Digit" file="/home/prodo/Documents/Projects/Negarity/negarity-color/tests/ColorCreationTest.php" line="203" class="Negarity\Color\Tests\ColorCreationTest" classname="Negarity.Color.Tests.ColorCreationTest" assertions="6" time="0.000067"/>
        <testcase name="testCreateColorFromHex3Digit" file="/home/prodo/Documents/Projects/Negarity/negarity-color/tests/ColorCreationTest.php" line="221" class="Negarity\Color\Tests\ColorCreationTest" classname="Negarity.Color.Tests.ColorCreationTest" assertions="5" time="0.000071"/>
        <testcase name="testCreateRgbColorWithInvalidRChannel" file="/home/prodo/Documents/Projects/Negarity/negarity-color/tests/ColorCreationTest.php" line="245" class="Negarity\Color\Tests\ColorCreationTest" classname="Negarity.Color.Tests.ColorCreationTest" assertions="1" time="0.000154"/>
        <testcase name="testCreateRgbColorWithInvalidGChannel" file="/home/prodo/Documents/Projects/Negarity/negarity-color/tests/ColorCreationTest.php" line="254" class="Negarity\Color\Tests\ColorCreationTest" classname="Negarity.Color.Tests.ColorCreationTest" assertions="1" time="0.000052"/>
        <testcase name="testCreateRgbColorWithInvalidBChannel" file="/home/prodo/Documents/Projects/Negarity/negarity-color/tests/ColorCreationTest.php" line="263" class="Negarity\Color\Tests\ColorCreationTest" classname="Negarity.Color.Tests.ColorCreationTest" assertions="1" time="0.000047"/>
        <testcase name="testCreateRgbaColorWithInvalidAlpha" file="/home/prodo/Documents/Projects/Negarity/negarity-color/tests/ColorCreationTest.php" line="272" class="Negarity\Color\Tests\ColorCreationTest" classname="Negarity.Color.Tests.ColorCreationTest" assertions="1" time="0.000048"/>
        <testcase name="testCreateCmykColorWithInvalidCChannel" file="/home/prodo/Documents/Projects/Negarity/negarity-color/tests/ColorCreationTest.php" line="282" class="Negarity\Color\Tests\ColorCreationTest" classname="Negarity.Color.Tests.ColorCreationTest" assertions="1" time="0.000047"/>
        <testcase name="testCreateCmykColorWithInvalidMChannel" file="/home/prodo/Documents/Projects/Negarity/negarity-color/tests/ColorCreationTest.php" line="292" class="Negarity\Color\Tests\ColorCreationTest" classname="Negarity.Color.Tests.ColorCreationTest" assertions="1" time="0.000045"/>
        <testcase name="testCreateHslColorWithInvalidHChannel" file="/home/prodo/Documents/Projects/Negarity/negarity-color/tests/ColorCreationTest.php" line="302" class="Negarity\Color\Tests\ColorCreationTest" classname="Negarity.Color.Tests.ColorCreationTest" assertions="1" time="0.000046"/>
        <testcase name="testCreateHslColorWithInvalidSChannel" file="/home/prodo/Documents/Projects/Negarity/negarity-color/tests/ColorCreationTest.php" line="311" class="Negarity\Color\Tests\ColorCreationTest" classname="Negarity.Color.Tests.ColorCreationTest" assertions="1" time="0.000046"/>
        <testcase name="testCreateHslColorWithInvalidLChannel" file="/home/prodo/Documents/Projects/Negarity/negarity-color/tests/ColorCreationTest.php" line="320" class="Negarity\Color\Tests\ColorCreationTest" classname="Negarity.Color.Tests.ColorCreationTest" assertions="1" time="0.000046"/>
        <testcase name="testCreateHsvColorWithInvalidVChannel" file="/home/prodo/Documents/Projects/Negarity/negarity-color/tests/ColorCreationTest.php" line="329" class="Negarity\Color\Tests\ColorCreationTest" classname="Negarity.Color.Tests.ColorCreationTest" assertions="1" time="0.000046"/>
        <testcase name="testCreateLabColorWithInvalidLChannel" file="/home/prodo/Documents/Projects/Negarity/negarity-color/tests/ColorCreationTest.php" line="338" class="Negarity\Color\Tests\ColorCreationTest" classname="Negarity.Color.Tests.ColorCreationTest" assertions="1" time="0.000047"/>
        <testcase name="testCreateLabColorWithNegativeLChannel" file="/home/prodo/Documents/Projects/Negarity/negarity-color/tests/ColorCreationTest.php" line="347" class="Negarity\Color\Tests\ColorCreationTest" classname="Negarity.Color.Tests.ColorCreationTest" assertions="1" time="0.000046"/>
        <testcase name="testCreateLchColorWithInvalidHChannel" file="/home/prodo/Documents/Projects/Negarity/negarity-color/tests/ColorCreationTest.php" line="356" class="Negarity\Color\Tests\ColorCreationTest" classname="Negarity.Color.Tests.ColorCreationTest" assertions="1" time="0.000046"/>
        <testcase name="testCreateYcbcrColorWithInvalidYChannel" file="/home/prodo/Documents/Projects/Negarity/negarity-color/tests/ColorCreationTest.php" line="365" class="Negarity\Color\Tests\ColorCreationTest" classname="Negarity.Color.Tests.ColorCreationTest" assertions="1" time="0.000053"/>
        <testcase name="testCreateYcbcrColorWithInvalidCbChannel" file="/home/prodo/Documents/Projects/Negarity/negarity-color/tests/ColorCreationTest.php" line="374" class="Negarity\Color\Tests\ColorCreationTest" classname="Negarity.Color.Tests.ColorCreationTest" assertions="1" time="0.000046"/>
        <testcase name="testCreateYcbcrColorWithInvalidCrChannel" file="/home/prodo/Documents/Projects/Negarity/negarity-color/tests/ColorCreationTest.php" line="383" class="Negarity\Color\Tests\ColorCreationTest" classname="Negarity.Color.Tests.ColorCreationTest" assertions="1" time="0.000047"/>
        <testcase name="testGetChannelValues" file="/home/prodo/Documents/Projects/Negarity/negarity-color/tests/ColorCreationTest.php" line="394" class="Negarity\Color\Tests\ColorCreationTest" classname="Negarity.Color.Tests.ColorCreationTest" assertions="6" time="0.000063"/>
        <testcase name="testGetChannels" file="/home/prodo/Documents/Projects/Negarity/negarity-color/tests/ColorCreationTest.php" line="409" class="Negarity\Color\Tests\ColorCreationTest" classname="Negarity.Color.Tests.ColorCreationTest" assertions="4" time="0.000155"/>
        <testcase name="testWithMethodCreatesNewInstance" file="/home/prodo/Documents/Projects/Negarity/negarity-color/tests/ColorCreationTest.php" line="422" class="Negarity\Color\Tests\ColorCreationTest" classname="Negarity.Color.Tests.ColorCreationTest" assertions="5" time="0.000419"/>
        <testcase name="testWithoutMethodCreatesNewInstance" file="/home/prodo/Documents/Projects/Negarity/negarity-color/tests/ColorCreationTest.php" line="438" class="Negarity\Color\Tests\ColorCreationTest" classname="Negarity.Color.Tests.ColorCreationTest" assertions="3" time="0.000083"/>
      </testsuite>
    </testsuite>
  </testsuite>
</testsuites>
